<?xml version="1.0" encoding="UTF-8"?>
<testng-results ignored="0" total="1" passed="1" failed="0" skipped="0">
  <reporter-output>
  </reporter-output>
  <suite started-at="2025-08-02T17:27:59 IST" name="Default suite" finished-at="2025-08-02T17:28:09 IST" duration-ms="10834">
    <groups>
    </groups>
    <test started-at="2025-08-02T17:27:59 IST" name="Default test" finished-at="2025-08-02T17:28:09 IST" duration-ms="10834">
      <class name="GiftCards.TC_DWS_062_Test">
        <test-method is-config="true" signature="reprotCnfig()[pri:0, instance:GiftCards.TC_DWS_062_Test@3fc2959f]" started-at="2025-08-02T17:27:58 IST" name="reprotCnfig" finished-at="2025-08-02T17:27:59 IST" duration-ms="444" status="PASS">
          <reporter-output>
          </reporter-output>
        </test-method> <!-- reprotCnfig -->
        <test-method is-config="true" signature="openBrowser()[pri:0, instance:GiftCards.TC_DWS_062_Test@3fc2959f]" started-at="2025-08-02T17:27:59 IST" name="openBrowser" finished-at="2025-08-02T17:28:04 IST" duration-ms="5009" status="PASS">
          <reporter-output>
          </reporter-output>
        </test-method> <!-- openBrowser -->
        <test-method is-config="true" signature="login()[pri:0, instance:GiftCards.TC_DWS_062_Test@3fc2959f]" started-at="2025-08-02T17:28:04 IST" name="login" finished-at="2025-08-02T17:28:05 IST" duration-ms="1780" status="PASS">
          <reporter-output>
          </reporter-output>
        </test-method> <!-- login -->
        <test-method signature="selectProduct()[pri:0, instance:GiftCards.TC_DWS_062_Test@3fc2959f]" started-at="2025-08-02T17:28:05 IST" name="selectProduct" finished-at="2025-08-02T17:28:08 IST" duration-ms="2863" status="PASS">
          <reporter-output>
          </reporter-output>
        </test-method> <!-- selectProduct -->
        <test-method is-config="true" signature="logout()[pri:0, instance:GiftCards.TC_DWS_062_Test@3fc2959f]" started-at="2025-08-02T17:28:08 IST" name="logout" finished-at="2025-08-02T17:28:09 IST" duration-ms="783" status="PASS">
          <reporter-output>
          </reporter-output>
        </test-method> <!-- logout -->
        <test-method is-config="true" signature="closeBrowser()[pri:0, instance:GiftCards.TC_DWS_062_Test@3fc2959f]" started-at="2025-08-02T17:28:09 IST" name="closeBrowser" finished-at="2025-08-02T17:28:09 IST" duration-ms="347" status="PASS">
          <reporter-output>
          </reporter-output>
        </test-method> <!-- closeBrowser -->
        <test-method is-config="true" signature="reportBackup()[pri:0, instance:GiftCards.TC_DWS_062_Test@3fc2959f]" started-at="2025-08-02T17:28:10 IST" name="reportBackup" finished-at="2025-08-02T17:28:11 IST" duration-ms="1003" status="PASS">
          <reporter-output>
          </reporter-output>
        </test-method> <!-- reportBackup -->
      </class> <!-- GiftCards.TC_DWS_062_Test -->
    </test> <!-- Default test -->
  </suite> <!-- Default suite -->
</testng-results>
